<?xml version="1.0" encoding="UTF-8"?>
<testng-results ignored="0" total="1" passed="1" failed="0" skipped="0">
  <reporter-output>
  </reporter-output>
  <suite started-at="2024-12-26T09:38:00 IST" name="Default suite" finished-at="2024-12-26T09:38:15 IST" duration-ms="15215">
    <groups>
    </groups>
    <test started-at="2024-12-26T09:38:00 IST" name="Default test" finished-at="2024-12-26T09:38:15 IST" duration-ms="15215">
      <class name="jobcode_creation.TestCase_4_3_25">
        <test-method is-config="true" signature="setup()[pri:0, instance:jobcode_creation.TestCase_4_3_25@7bab3f1a]" started-at="2024-12-26T09:38:00 IST" name="setup" finished-at="2024-12-26T09:38:05 IST" duration-ms="5070" status="PASS">
          <reporter-output>
          </reporter-output>
        </test-method> <!-- setup -->
        <test-method signature="verifyTheLogoutbutton()[pri:25, instance:jobcode_creation.TestCase_4_3_25@7bab3f1a]" started-at="2024-12-26T09:38:05 IST" name="verifyTheLogoutbutton" finished-at="2024-12-26T09:38:15 IST" duration-ms="9499" status="PASS">
          <reporter-output>
          </reporter-output>
        </test-method> <!-- verifyTheLogoutbutton -->
        <test-method is-config="true" signature="Close()[pri:0, instance:jobcode_creation.TestCase_4_3_25@7bab3f1a]" started-at="2024-12-26T09:38:15 IST" name="Close" finished-at="2024-12-26T09:38:15 IST" duration-ms="579" status="PASS">
          <reporter-output>
          </reporter-output>
        </test-method> <!-- Close -->
      </class> <!-- jobcode_creation.TestCase_4_3_25 -->
    </test> <!-- Default test -->
  </suite> <!-- Default suite -->
</testng-results>
